#
# There is insufficient memory for the Java Runtime Environment to continue.
# Native memory allocation (mmap) failed to map 65536 bytes for Failed to commit metaspace.
# Possible reasons:
#   The system is out of physical RAM or swap space
#   The process is running with CompressedOops enabled, and the Java Heap may be blocking the growth of the native heap
# Possible solutions:
#   Reduce memory load on the system
#   Increase physical memory or swap space
#   Check if swap backing store is full
#   Decrease Java heap size (-Xmx/-Xms)
#   Decrease number of Java threads
#   Decrease Java thread stack sizes (-Xss)
#   Set larger code cache with -XX:ReservedCodeCacheSize=
#   JVM is running with Zero Based Compressed Oops mode in which the Java heap is
#     placed in the first 32GB address space. The Java Heap base address is the
#     maximum limit for the native heap growth. Please use -XX:HeapBaseMinAddress
#     to set the Java Heap base and to place the Java Heap above 32GB virtual address.
# This output file may be truncated or incomplete.
#
#  Out of Memory Error (virtualSpaceNode.cpp:110), pid=8152, tid=23680
#
# JRE version: OpenJDK Runtime Environment Temurin-17.0.5+8 (17.0.5+8) (build 17.0.5+8)
# Java VM: OpenJDK 64-Bit Server VM Temurin-17.0.5+8 (17.0.5+8, mixed mode, tiered, compressed oops, compressed class ptrs, g1 gc, windows-amd64)
# No core dump will be written. Minidumps are not enabled by default on client versions of Windows
#

---------------  S U M M A R Y ------------

Command Line: -XX:+ShowCodeDetailsInExceptionMessages -agentlib:jdwp=transport=dt_socket,suspend=y,address=localhost:51854 -javaagent:C:\Users\deivi\eclipse\jee-2022-12\eclipse\configuration\org.eclipse.osgi\420\0\.cp\lib\javaagent-shaded.jar -Dfile.encoding=UTF-8 Controller.Main

Host: AMD Ryzen 5 2400G with Radeon Vega Graphics    , 8 cores, 13G,  Windows 10 , 64 bit Build 19041 (10.0.19041.2913)
Time: Thu Jun  8 22:28:47 2023 Hora oficial do Brasil elapsed time: 76.635468 seconds (0d 0h 1m 16s)

---------------  T H R E A D  ---------------

Current thread (0x000001a649ea4e40):  JavaThread "AWT-EventQueue-0" [_thread_in_vm, id=23680, stack(0x0000002fc5700000,0x0000002fc5800000)]

Stack: [0x0000002fc5700000,0x0000002fc5800000]
Native frames: (J=compiled Java code, j=interpreted, Vv=VM code, C=native code)
V  [jvm.dll+0x676b3a]
V  [jvm.dll+0x831444]
V  [jvm.dll+0x832bee]
V  [jvm.dll+0x833253]
V  [jvm.dll+0x244ce5]
V  [jvm.dll+0x82d4db]
V  [jvm.dll+0x61b2f6]
V  [jvm.dll+0x61b35a]
V  [jvm.dll+0x61db7a]
V  [jvm.dll+0x61bc96]
V  [jvm.dll+0x36ace2]
V  [jvm.dll+0x1e165b]
V  [jvm.dll+0x53be59]
V  [jvm.dll+0x1f05a7]
V  [jvm.dll+0x7ab9db]
V  [jvm.dll+0x7acd82]
V  [jvm.dll+0x7ad0b8]
V  [jvm.dll+0x23d0ee]
V  [jvm.dll+0x37e55e]
C  0x000001a624ec7877

Java frames: (J=compiled Java code, j=interpreted, Vv=VM code)
j  java.awt.image.DataBuffer.<clinit>()V+37 java.desktop@17.0.5
v  ~StubRoutines::call_stub
j  java.awt.image.Raster.createPackedRaster(III[ILjava/awt/Point;)Ljava/awt/image/WritableRaster;+62 java.desktop@17.0.5
j  java.awt.image.DirectColorModel.createCompatibleWritableRaster(II)Ljava/awt/image/WritableRaster;+83 java.desktop@17.0.5
j  java.awt.GraphicsConfiguration.createCompatibleImage(II)Ljava/awt/image/BufferedImage;+8 java.desktop@17.0.5
j  java.awt.GraphicsConfiguration.createCompatibleImage(III)Ljava/awt/image/BufferedImage;+14 java.desktop@17.0.5
j  sun.awt.image.SunVolatileImage.getBackupImage(DD)Ljava/awt/image/BufferedImage;+36 java.desktop@17.0.5
j  sun.awt.image.VolatileSurfaceManager.getBackupSurface()Lsun/java2d/SurfaceData;+38 java.desktop@17.0.5
j  sun.awt.image.VolatileSurfaceManager.displayChanged()V+33 java.desktop@17.0.5
j  sun.awt.SunDisplayChanger.notifyListeners()V+105 java.desktop@17.0.5
j  sun.awt.Win32GraphicsEnvironment.displayChanged()V+291 java.desktop@17.0.5
j  sun.awt.windows.WToolkit.lambda$displayChanged$4()V+15 java.desktop@17.0.5
j  sun.awt.windows.WToolkit$$Lambda$147+0x0000000800097d18.run()V+0 java.desktop@17.0.5
j  java.awt.event.InvocationEvent.dispatch()V+47 java.desktop@17.0.5
j  java.awt.EventQueue.dispatchEventImpl(Ljava/awt/AWTEvent;Ljava/lang/Object;)V+21 java.desktop@17.0.5
j  java.awt.EventQueue$4.run()Ljava/lang/Void;+32 java.desktop@17.0.5
j  java.awt.EventQueue$4.run()Ljava/lang/Object;+1 java.desktop@17.0.5
J 1024 c1 java.security.ProtectionDomain$JavaSecurityAccessImpl.doIntersectionPrivilege(Ljava/security/PrivilegedAction;Ljava/security/AccessControlContext;Ljava/security/AccessControlContext;)Ljava/lang/Object; java.base@17.0.5 (22 bytes) @ 0x000001a6255dc504 [0x000001a6255dc240+0x00000000000002c4]
j  java.awt.EventQueue.dispatchEvent(Ljava/awt/AWTEvent;)V+46 java.desktop@17.0.5
j  java.awt.EventDispatchThread.pumpOneEventForFilters(I)V+78 java.desktop@17.0.5
j  java.awt.EventDispatchThread.pumpEventsForFilter(ILjava/awt/Conditional;Ljava/awt/EventFilter;)V+35 java.desktop@17.0.5
j  java.awt.EventDispatchThread.pumpEventsForHierarchy(ILjava/awt/Conditional;Ljava/awt/Component;)V+11 java.desktop@17.0.5
j  java.awt.EventDispatchThread.pumpEvents(ILjava/awt/Conditional;)V+4 java.desktop@17.0.5
j  java.awt.EventDispatchThread.pumpEvents(Ljava/awt/Conditional;)V+3 java.desktop@17.0.5
j  java.awt.EventDispatchThread.run()V+9 java.desktop@17.0.5
v  ~StubRoutines::call_stub

---------------  P R O C E S S  ---------------

Threads class SMR info:
_java_thread_list=0x000001a649ee9ff0, length=20, elements={
0x000001a63fc4e3f0, 0x000001a63fc50400, 0x000001a63fc3a6c0, 0x000001a63fc74500,
0x000001a63fc76ed0, 0x000001a63fc7f7a0, 0x000001a63fc83ca0, 0x000001a63fc84db0,
0x000001a63fc97e80, 0x000001a63fdd9560, 0x000001a63ff69000, 0x000001a63ff694f0,
0x000001a63ff0b5a0, 0x000001a6404c8050, 0x000001a64076e620, 0x000001a6407aab00,
0x000001a6407aafd0, 0x000001a649ea4e40, 0x000001a6217db400, 0x000001a63ff47610
}

Java Threads: ( => current thread )
  0x000001a63fc4e3f0 JavaThread "Reference Handler" daemon [_thread_blocked, id=5224, stack(0x0000002fc4a00000,0x0000002fc4b00000)]
  0x000001a63fc50400 JavaThread "Finalizer" daemon [_thread_blocked, id=596, stack(0x0000002fc4b00000,0x0000002fc4c00000)]
  0x000001a63fc3a6c0 JavaThread "Signal Dispatcher" daemon [_thread_blocked, id=20272, stack(0x0000002fc4c00000,0x0000002fc4d00000)]
  0x000001a63fc74500 JavaThread "Attach Listener" daemon [_thread_blocked, id=25080, stack(0x0000002fc4d00000,0x0000002fc4e00000)]
  0x000001a63fc76ed0 JavaThread "Service Thread" daemon [_thread_blocked, id=19980, stack(0x0000002fc4e00000,0x0000002fc4f00000)]
  0x000001a63fc7f7a0 JavaThread "Monitor Deflation Thread" daemon [_thread_blocked, id=25680, stack(0x0000002fc4f00000,0x0000002fc5000000)]
  0x000001a63fc83ca0 JavaThread "C2 CompilerThread0" daemon [_thread_blocked, id=8124, stack(0x0000002fc5000000,0x0000002fc5100000)]
  0x000001a63fc84db0 JavaThread "C1 CompilerThread0" daemon [_thread_blocked, id=24344, stack(0x0000002fc5100000,0x0000002fc5200000)]
  0x000001a63fc97e80 JavaThread "Sweeper thread" daemon [_thread_blocked, id=32, stack(0x0000002fc5200000,0x0000002fc5300000)]
  0x000001a63fdd9560 JavaThread "Common-Cleaner" daemon [_thread_blocked, id=7048, stack(0x0000002fc5300000,0x0000002fc5400000)]
  0x000001a63ff69000 JavaThread "JDWP Transport Listener: dt_socket" daemon [_thread_blocked, id=25184, stack(0x0000002fc5400000,0x0000002fc5500000)]
  0x000001a63ff694f0 JavaThread "JDWP Event Helper Thread" daemon [_thread_blocked, id=24780, stack(0x0000002fc5500000,0x0000002fc5600000)]
  0x000001a63ff0b5a0 JavaThread "JDWP Command Reader" daemon [_thread_in_native, id=22740, stack(0x0000002fc5600000,0x0000002fc5700000)]
  0x000001a6404c8050 JavaThread "Notification Thread" daemon [_thread_blocked, id=25928, stack(0x0000002fc5800000,0x0000002fc5900000)]
  0x000001a64076e620 JavaThread "Java2D Disposer" daemon [_thread_blocked, id=24228, stack(0x0000002fc5a00000,0x0000002fc5b00000)]
  0x000001a6407aab00 JavaThread "AWT-Shutdown" [_thread_blocked, id=4392, stack(0x0000002fc5b00000,0x0000002fc5c00000)]
  0x000001a6407aafd0 JavaThread "AWT-Windows" daemon [_thread_in_native, id=26576, stack(0x0000002fc5c00000,0x0000002fc5d00000)]
=>0x000001a649ea4e40 JavaThread "AWT-EventQueue-0" [_thread_in_vm, id=23680, stack(0x0000002fc5700000,0x0000002fc5800000)]
  0x000001a6217db400 JavaThread "DestroyJavaVM" [_thread_blocked, id=26348, stack(0x0000002fc4300000,0x0000002fc4400000)]
  0x000001a63ff47610 JavaThread "D3D Screen Updater" daemon [_thread_blocked, id=26324, stack(0x0000002fc6500000,0x0000002fc6600000)]

Other Threads:
  0x000001a63f0de210 VMThread "VM Thread" [stack: 0x0000002fc4900000,0x0000002fc4a00000] [id=22652]
  0x000001a621859730 WatcherThread [stack: 0x0000002fc5900000,0x0000002fc5a00000] [id=23500]
  0x000001a62183d5a0 GCTaskThread "GC Thread#0" [stack: 0x0000002fc4400000,0x0000002fc4500000] [id=13188]
  0x000001a62184d3d0 ConcurrentGCThread "G1 Main Marker" [stack: 0x0000002fc4500000,0x0000002fc4600000] [id=25508]
  0x000001a62184e580 ConcurrentGCThread "G1 Conc#0" [stack: 0x0000002fc4600000,0x0000002fc4700000] [id=13404]
  0x000001a63ef62180 ConcurrentGCThread "G1 Refine#0" [stack: 0x0000002fc4700000,0x0000002fc4800000] [id=1816]
  0x000001a63ef62ab0 ConcurrentGCThread "G1 Service" [stack: 0x0000002fc4800000,0x0000002fc4900000] [id=25720]

Threads with active compile tasks:

VM state: not at safepoint (normal execution)

VM Mutex/Monitor currently owned by a thread:  ([mutex/lock_event])
[0x000001a61f68a8b0] Metaspace_lock - owner thread: 0x000001a649ea4e40

Heap address: 0x0000000721200000, size: 3566 MB, Compressed Oops mode: Zero based, Oop shift amount: 3

CDS archive(s) not mapped
Compressed class space mapped at: 0x0000000800000000-0x0000000840000000, reserved size: 1073741824
Narrow klass base: 0x0000000800000000, Narrow klass shift: 0, Narrow klass range: 0x40000000

GC Precious Log:
 CPUs: 8 total, 8 available
 Memory: 14261M
 Large Page Support: Disabled
 NUMA Support: Disabled
 Compressed Oops: Enabled (Zero based)
 Heap Region Size: 2M
 Heap Min Capacity: 8M
 Heap Initial Capacity: 224M
 Heap Max Capacity: 3566M
 Pre-touch: Disabled
 Parallel Workers: 8
 Concurrent Workers: 2
 Concurrent Refinement Workers: 8
 Periodic GC: Disabled

Heap:
 garbage-first heap   total 229376K, used 14336K [0x0000000721200000, 0x0000000800000000)
  region size 2048K, 8 young (16384K), 0 survivors (0K)
 Metaspace       used 16534K, committed 16640K, reserved 1064960K
  class space    used 1634K, committed 1664K, reserved 1048576K

Heap Regions: E=young(eden), S=young(survivor), O=old, HS=humongous(starts), HC=humongous(continues), CS=collection set, F=free, OA=open archive, CA=closed archive, TAMS=top-at-mark-start (previous, next)
|   0|0x0000000721200000, 0x0000000721200000, 0x0000000721400000|  0%| F|  |TAMS 0x0000000721200000, 0x0000000721200000| Untracked 
|   1|0x0000000721400000, 0x0000000721400000, 0x0000000721600000|  0%| F|  |TAMS 0x0000000721400000, 0x0000000721400000| Untracked 
|   2|0x0000000721600000, 0x0000000721600000, 0x0000000721800000|  0%| F|  |TAMS 0x0000000721600000, 0x0000000721600000| Untracked 
|   3|0x0000000721800000, 0x0000000721800000, 0x0000000721a00000|  0%| F|  |TAMS 0x0000000721800000, 0x0000000721800000| Untracked 
|   4|0x0000000721a00000, 0x0000000721a00000, 0x0000000721c00000|  0%| F|  |TAMS 0x0000000721a00000, 0x0000000721a00000| Untracked 
|   5|0x0000000721c00000, 0x0000000721c00000, 0x0000000721e00000|  0%| F|  |TAMS 0x0000000721c00000, 0x0000000721c00000| Untracked 
|   6|0x0000000721e00000, 0x0000000721e00000, 0x0000000722000000|  0%| F|  |TAMS 0x0000000721e00000, 0x0000000721e00000| Untracked 
|   7|0x0000000722000000, 0x0000000722000000, 0x0000000722200000|  0%| F|  |TAMS 0x0000000722000000, 0x0000000722000000| Untracked 
|   8|0x0000000722200000, 0x0000000722200000, 0x0000000722400000|  0%| F|  |TAMS 0x0000000722200000, 0x0000000722200000| Untracked 
|   9|0x0000000722400000, 0x0000000722400000, 0x0000000722600000|  0%| F|  |TAMS 0x0000000722400000, 0x0000000722400000| Untracked 
|  10|0x0000000722600000, 0x0000000722600000, 0x0000000722800000|  0%| F|  |TAMS 0x0000000722600000, 0x0000000722600000| Untracked 
|  11|0x0000000722800000, 0x0000000722800000, 0x0000000722a00000|  0%| F|  |TAMS 0x0000000722800000, 0x0000000722800000| Untracked 
|  12|0x0000000722a00000, 0x0000000722a00000, 0x0000000722c00000|  0%| F|  |TAMS 0x0000000722a00000, 0x0000000722a00000| Untracked 
|  13|0x0000000722c00000, 0x0000000722c00000, 0x0000000722e00000|  0%| F|  |TAMS 0x0000000722c00000, 0x0000000722c00000| Untracked 
|  14|0x0000000722e00000, 0x0000000722e00000, 0x0000000723000000|  0%| F|  |TAMS 0x0000000722e00000, 0x0000000722e00000| Untracked 
|  15|0x0000000723000000, 0x0000000723000000, 0x0000000723200000|  0%| F|  |TAMS 0x0000000723000000, 0x0000000723000000| Untracked 
|  16|0x0000000723200000, 0x0000000723200000, 0x0000000723400000|  0%| F|  |TAMS 0x0000000723200000, 0x0000000723200000| Untracked 
|  17|0x0000000723400000, 0x0000000723400000, 0x0000000723600000|  0%| F|  |TAMS 0x0000000723400000, 0x0000000723400000| Untracked 
|  18|0x0000000723600000, 0x0000000723600000, 0x0000000723800000|  0%| F|  |TAMS 0x0000000723600000, 0x0000000723600000| Untracked 
|  19|0x0000000723800000, 0x0000000723800000, 0x0000000723a00000|  0%| F|  |TAMS 0x0000000723800000, 0x0000000723800000| Untracked 
|  20|0x0000000723a00000, 0x0000000723a00000, 0x0000000723c00000|  0%| F|  |TAMS 0x0000000723a00000, 0x0000000723a00000| Untracked 
|  21|0x0000000723c00000, 0x0000000723c00000, 0x0000000723e00000|  0%| F|  |TAMS 0x0000000723c00000, 0x0000000723c00000| Untracked 
|  22|0x0000000723e00000, 0x0000000723e00000, 0x0000000724000000|  0%| F|  |TAMS 0x0000000723e00000, 0x0000000723e00000| Untracked 
|  23|0x0000000724000000, 0x0000000724000000, 0x0000000724200000|  0%| F|  |TAMS 0x0000000724000000, 0x0000000724000000| Untracked 
|  24|0x0000000724200000, 0x0000000724200000, 0x0000000724400000|  0%| F|  |TAMS 0x0000000724200000, 0x0000000724200000| Untracked 
|  25|0x0000000724400000, 0x0000000724400000, 0x0000000724600000|  0%| F|  |TAMS 0x0000000724400000, 0x0000000724400000| Untracked 
|  26|0x0000000724600000, 0x0000000724600000, 0x0000000724800000|  0%| F|  |TAMS 0x0000000724600000, 0x0000000724600000| Untracked 
|  27|0x0000000724800000, 0x0000000724800000, 0x0000000724a00000|  0%| F|  |TAMS 0x0000000724800000, 0x0000000724800000| Untracked 
|  28|0x0000000724a00000, 0x0000000724a00000, 0x0000000724c00000|  0%| F|  |TAMS 0x0000000724a00000, 0x0000000724a00000| Untracked 
|  29|0x0000000724c00000, 0x0000000724c00000, 0x0000000724e00000|  0%| F|  |TAMS 0x0000000724c00000, 0x0000000724c00000| Untracked 
|  30|0x0000000724e00000, 0x0000000724e00000, 0x0000000725000000|  0%| F|  |TAMS 0x0000000724e00000, 0x0000000724e00000| Untracked 
|  31|0x0000000725000000, 0x0000000725000000, 0x0000000725200000|  0%| F|  |TAMS 0x0000000725000000, 0x0000000725000000| Untracked 
|  32|0x0000000725200000, 0x0000000725200000, 0x0000000725400000|  0%| F|  |TAMS 0x0000000725200000, 0x0000000725200000| Untracked 
|  33|0x0000000725400000, 0x0000000725400000, 0x0000000725600000|  0%| F|  |TAMS 0x0000000725400000, 0x0000000725400000| Untracked 
|  34|0x0000000725600000, 0x0000000725600000, 0x0000000725800000|  0%| F|  |TAMS 0x0000000725600000, 0x0000000725600000| Untracked 
|  35|0x0000000725800000, 0x0000000725800000, 0x0000000725a00000|  0%| F|  |TAMS 0x0000000725800000, 0x0000000725800000| Untracked 
|  36|0x0000000725a00000, 0x0000000725a00000, 0x0000000725c00000|  0%| F|  |TAMS 0x0000000725a00000, 0x0000000725a00000| Untracked 
|  37|0x0000000725c00000, 0x0000000725c00000, 0x0000000725e00000|  0%| F|  |TAMS 0x0000000725c00000, 0x0000000725c00000| Untracked 
|  38|0x0000000725e00000, 0x0000000725e00000, 0x0000000726000000|  0%| F|  |TAMS 0x0000000725e00000, 0x0000000725e00000| Untracked 
|  39|0x0000000726000000, 0x0000000726000000, 0x0000000726200000|  0%| F|  |TAMS 0x0000000726000000, 0x0000000726000000| Untracked 
|  40|0x0000000726200000, 0x0000000726200000, 0x0000000726400000|  0%| F|  |TAMS 0x0000000726200000, 0x0000000726200000| Untracked 
|  41|0x0000000726400000, 0x0000000726400000, 0x0000000726600000|  0%| F|  |TAMS 0x0000000726400000, 0x0000000726400000| Untracked 
|  42|0x0000000726600000, 0x0000000726600000, 0x0000000726800000|  0%| F|  |TAMS 0x0000000726600000, 0x0000000726600000| Untracked 
|  43|0x0000000726800000, 0x0000000726800000, 0x0000000726a00000|  0%| F|  |TAMS 0x0000000726800000, 0x0000000726800000| Untracked 
|  44|0x0000000726a00000, 0x0000000726a00000, 0x0000000726c00000|  0%| F|  |TAMS 0x0000000726a00000, 0x0000000726a00000| Untracked 
|  45|0x0000000726c00000, 0x0000000726c00000, 0x0000000726e00000|  0%| F|  |TAMS 0x0000000726c00000, 0x0000000726c00000| Untracked 
|  46|0x0000000726e00000, 0x0000000726e00000, 0x0000000727000000|  0%| F|  |TAMS 0x0000000726e00000, 0x0000000726e00000| Untracked 
|  47|0x0000000727000000, 0x0000000727000000, 0x0000000727200000|  0%| F|  |TAMS 0x0000000727000000, 0x0000000727000000| Untracked 
|  48|0x0000000727200000, 0x0000000727200000, 0x0000000727400000|  0%| F|  |TAMS 0x0000000727200000, 0x0000000727200000| Untracked 
|  49|0x0000000727400000, 0x0000000727400000, 0x0000000727600000|  0%| F|  |TAMS 0x0000000727400000, 0x0000000727400000| Untracked 
|  50|0x0000000727600000, 0x0000000727600000, 0x0000000727800000|  0%| F|  |TAMS 0x0000000727600000, 0x0000000727600000| Untracked 
|  51|0x0000000727800000, 0x0000000727800000, 0x0000000727a00000|  0%| F|  |TAMS 0x0000000727800000, 0x0000000727800000| Untracked 
|  52|0x0000000727a00000, 0x0000000727a00000, 0x0000000727c00000|  0%| F|  |TAMS 0x0000000727a00000, 0x0000000727a00000| Untracked 
|  53|0x0000000727c00000, 0x0000000727c00000, 0x0000000727e00000|  0%| F|  |TAMS 0x0000000727c00000, 0x0000000727c00000| Untracked 
|  54|0x0000000727e00000, 0x0000000727e00000, 0x0000000728000000|  0%| F|  |TAMS 0x0000000727e00000, 0x0000000727e00000| Untracked 
|  55|0x0000000728000000, 0x0000000728000000, 0x0000000728200000|  0%| F|  |TAMS 0x0000000728000000, 0x0000000728000000| Untracked 
|  56|0x0000000728200000, 0x0000000728200000, 0x0000000728400000|  0%| F|  |TAMS 0x0000000728200000, 0x0000000728200000| Untracked 
|  57|0x0000000728400000, 0x0000000728400000, 0x0000000728600000|  0%| F|  |TAMS 0x0000000728400000, 0x0000000728400000| Untracked 
|  58|0x0000000728600000, 0x0000000728600000, 0x0000000728800000|  0%| F|  |TAMS 0x0000000728600000, 0x0000000728600000| Untracked 
|  59|0x0000000728800000, 0x0000000728800000, 0x0000000728a00000|  0%| F|  |TAMS 0x0000000728800000, 0x0000000728800000| Untracked 
|  60|0x0000000728a00000, 0x0000000728a00000, 0x0000000728c00000|  0%| F|  |TAMS 0x0000000728a00000, 0x0000000728a00000| Untracked 
|  61|0x0000000728c00000, 0x0000000728c00000, 0x0000000728e00000|  0%| F|  |TAMS 0x0000000728c00000, 0x0000000728c00000| Untracked 
|  62|0x0000000728e00000, 0x0000000728e00000, 0x0000000729000000|  0%| F|  |TAMS 0x0000000728e00000, 0x0000000728e00000| Untracked 
|  63|0x0000000729000000, 0x0000000729000000, 0x0000000729200000|  0%| F|  |TAMS 0x0000000729000000, 0x0000000729000000| Untracked 
|  64|0x0000000729200000, 0x0000000729200000, 0x0000000729400000|  0%| F|  |TAMS 0x0000000729200000, 0x0000000729200000| Untracked 
|  65|0x0000000729400000, 0x0000000729400000, 0x0000000729600000|  0%| F|  |TAMS 0x0000000729400000, 0x0000000729400000| Untracked 
|  66|0x0000000729600000, 0x0000000729600000, 0x0000000729800000|  0%| F|  |TAMS 0x0000000729600000, 0x0000000729600000| Untracked 
|  67|0x0000000729800000, 0x0000000729800000, 0x0000000729a00000|  0%| F|  |TAMS 0x0000000729800000, 0x0000000729800000| Untracked 
|  68|0x0000000729a00000, 0x0000000729a00000, 0x0000000729c00000|  0%| F|  |TAMS 0x0000000729a00000, 0x0000000729a00000| Untracked 
|  69|0x0000000729c00000, 0x0000000729c00000, 0x0000000729e00000|  0%| F|  |TAMS 0x0000000729c00000, 0x0000000729c00000| Untracked 
|  70|0x0000000729e00000, 0x0000000729e00000, 0x000000072a000000|  0%| F|  |TAMS 0x0000000729e00000, 0x0000000729e00000| Untracked 
|  71|0x000000072a000000, 0x000000072a000000, 0x000000072a200000|  0%| F|  |TAMS 0x000000072a000000, 0x000000072a000000| Untracked 
|  72|0x000000072a200000, 0x000000072a200000, 0x000000072a400000|  0%| F|  |TAMS 0x000000072a200000, 0x000000072a200000| Untracked 
|  73|0x000000072a400000, 0x000000072a400000, 0x000000072a600000|  0%| F|  |TAMS 0x000000072a400000, 0x000000072a400000| Untracked 
|  74|0x000000072a600000, 0x000000072a600000, 0x000000072a800000|  0%| F|  |TAMS 0x000000072a600000, 0x000000072a600000| Untracked 
|  75|0x000000072a800000, 0x000000072a800000, 0x000000072aa00000|  0%| F|  |TAMS 0x000000072a800000, 0x000000072a800000| Untracked 
|  76|0x000000072aa00000, 0x000000072aa00000, 0x000000072ac00000|  0%| F|  |TAMS 0x000000072aa00000, 0x000000072aa00000| Untracked 
|  77|0x000000072ac00000, 0x000000072ac00000, 0x000000072ae00000|  0%| F|  |TAMS 0x000000072ac00000, 0x000000072ac00000| Untracked 
|  78|0x000000072ae00000, 0x000000072ae00000, 0x000000072b000000|  0%| F|  |TAMS 0x000000072ae00000, 0x000000072ae00000| Untracked 
|  79|0x000000072b000000, 0x000000072b000000, 0x000000072b200000|  0%| F|  |TAMS 0x000000072b000000, 0x000000072b000000| Untracked 
|  80|0x000000072b200000, 0x000000072b200000, 0x000000072b400000|  0%| F|  |TAMS 0x000000072b200000, 0x000000072b200000| Untracked 
|  81|0x000000072b400000, 0x000000072b400000, 0x000000072b600000|  0%| F|  |TAMS 0x000000072b400000, 0x000000072b400000| Untracked 
|  82|0x000000072b600000, 0x000000072b600000, 0x000000072b800000|  0%| F|  |TAMS 0x000000072b600000, 0x000000072b600000| Untracked 
|  83|0x000000072b800000, 0x000000072b800000, 0x000000072ba00000|  0%| F|  |TAMS 0x000000072b800000, 0x000000072b800000| Untracked 
|  84|0x000000072ba00000, 0x000000072ba00000, 0x000000072bc00000|  0%| F|  |TAMS 0x000000072ba00000, 0x000000072ba00000| Untracked 
|  85|0x000000072bc00000, 0x000000072bc00000, 0x000000072be00000|  0%| F|  |TAMS 0x000000072bc00000, 0x000000072bc00000| Untracked 
|  86|0x000000072be00000, 0x000000072be00000, 0x000000072c000000|  0%| F|  |TAMS 0x000000072be00000, 0x000000072be00000| Untracked 
|  87|0x000000072c000000, 0x000000072c000000, 0x000000072c200000|  0%| F|  |TAMS 0x000000072c000000, 0x000000072c000000| Untracked 
|  88|0x000000072c200000, 0x000000072c200000, 0x000000072c400000|  0%| F|  |TAMS 0x000000072c200000, 0x000000072c200000| Untracked 
|  89|0x000000072c400000, 0x000000072c400000, 0x000000072c600000|  0%| F|  |TAMS 0x000000072c400000, 0x000000072c400000| Untracked 
|  90|0x000000072c600000, 0x000000072c600000, 0x000000072c800000|  0%| F|  |TAMS 0x000000072c600000, 0x000000072c600000| Untracked 
|  91|0x000000072c800000, 0x000000072c800000, 0x000000072ca00000|  0%| F|  |TAMS 0x000000072c800000, 0x000000072c800000| Untracked 
|  92|0x000000072ca00000, 0x000000072ca00000, 0x000000072cc00000|  0%| F|  |TAMS 0x000000072ca00000, 0x000000072ca00000| Untracked 
|  93|0x000000072cc00000, 0x000000072cc00000, 0x000000072ce00000|  0%| F|  |TAMS 0x000000072cc00000, 0x000000072cc00000| Untracked 
|  94|0x000000072ce00000, 0x000000072ce00000, 0x000000072d000000|  0%| F|  |TAMS 0x000000072ce00000, 0x000000072ce00000| Untracked 
|  95|0x000000072d000000, 0x000000072d000000, 0x000000072d200000|  0%| F|  |TAMS 0x000000072d000000, 0x000000072d000000| Untracked 
|  96|0x000000072d200000, 0x000000072d200000, 0x000000072d400000|  0%| F|  |TAMS 0x000000072d200000, 0x000000072d200000| Untracked 
|  97|0x000000072d400000, 0x000000072d400000, 0x000000072d600000|  0%| F|  |TAMS 0x000000072d400000, 0x000000072d400000| Untracked 
|  98|0x000000072d600000, 0x000000072d600000, 0x000000072d800000|  0%| F|  |TAMS 0x000000072d600000, 0x000000072d600000| Untracked 
|  99|0x000000072d800000, 0x000000072d800000, 0x000000072da00000|  0%| F|  |TAMS 0x000000072d800000, 0x000000072d800000| Untracked 
| 100|0x000000072da00000, 0x000000072da00000, 0x000000072dc00000|  0%| F|  |TAMS 0x000000072da00000, 0x000000072da00000| Untracked 
| 101|0x000000072dc00000, 0x000000072dc00000, 0x000000072de00000|  0%| F|  |TAMS 0x000000072dc00000, 0x000000072dc00000| Untracked 
| 102|0x000000072de00000, 0x000000072de00000, 0x000000072e000000|  0%| F|  |TAMS 0x000000072de00000, 0x000000072de00000| Untracked 
| 103|0x000000072e000000, 0x000000072e000000, 0x000000072e200000|  0%| F|  |TAMS 0x000000072e000000, 0x000000072e000000| Untracked 
| 104|0x000000072e200000, 0x000000072e2e4428, 0x000000072e400000| 44%| E|  |TAMS 0x000000072e200000, 0x000000072e200000| Complete 
| 105|0x000000072e400000, 0x000000072e600000, 0x000000072e600000|100%| E|CS|TAMS 0x000000072e400000, 0x000000072e400000| Complete 
| 106|0x000000072e600000, 0x000000072e800000, 0x000000072e800000|100%| E|CS|TAMS 0x000000072e600000, 0x000000072e600000| Complete 
| 107|0x000000072e800000, 0x000000072ea00000, 0x000000072ea00000|100%| E|CS|TAMS 0x000000072e800000, 0x000000072e800000| Complete 
| 108|0x000000072ea00000, 0x000000072ec00000, 0x000000072ec00000|100%| E|CS|TAMS 0x000000072ea00000, 0x000000072ea00000| Complete 
| 109|0x000000072ec00000, 0x000000072ee00000, 0x000000072ee00000|100%| E|CS|TAMS 0x000000072ec00000, 0x000000072ec00000| Complete 
| 110|0x000000072ee00000, 0x000000072f000000, 0x000000072f000000|100%| E|CS|TAMS 0x000000072ee00000, 0x000000072ee00000| Complete 
| 111|0x000000072f000000, 0x000000072f200000, 0x000000072f200000|100%| E|CS|TAMS 0x000000072f000000, 0x000000072f000000| Complete 

Card table byte_map: [0x000001a6348d0000,0x000001a634fd0000] _byte_map_base: 0x000001a630fc7000

Marking Bits (Prev, Next): (CMBitMap*) 0x000001a62183dbb0, (CMBitMap*) 0x000001a62183dbf0
 Prev Bits: [0x000001a6356d0000, 0x000001a638e88000)
 Next Bits: [0x000001a638e90000, 0x000001a63c648000)

Polling page: 0x000001a620fb0000

Metaspace:

Usage:
  Non-class:     14.55 MB used.
      Class:      1.60 MB used.
       Both:     16.15 MB used.

Virtual space:
  Non-class space:       16.00 MB reserved,      14.62 MB ( 91%) committed,  2 nodes.
      Class space:        1.00 GB reserved,       1.62 MB ( <1%) committed,  1 nodes.
             Both:        1.02 GB reserved,      16.25 MB (  2%) committed. 

Chunk freelists:
   Non-Class:  1.00 MB
       Class:  2.25 MB
        Both:  3.25 MB

MaxMetaspaceSize: unlimited
CompressedClassSpaceSize: 1.00 GB
Initial GC threshold: 21.00 MB
Current GC threshold: 21.00 MB
CDS: off
MetaspaceReclaimPolicy: balanced
 - commit_granule_bytes: 65536.
 - commit_granule_words: 8192.
 - virtual_space_node_default_size: 1048576.
 - enlarge_chunks_in_place: 1.
 - new_chunks_are_fully_committed: 0.
 - uncommit_free_chunks: 1.
 - use_allocation_guard: 0.
 - handle_deallocations: 1.


Internal statistics:

num_allocs_failed_limit: 0.
num_arena_births: 112.
num_arena_deaths: 0.
num_vsnodes_births: 3.
num_vsnodes_deaths: 0.
num_space_committed: 260.
num_space_uncommitted: 0.
num_chunks_returned_to_freelist: 0.
num_chunks_taken_from_freelist: 194.
num_chunk_merges: 0.
num_chunk_splits: 105.
num_chunks_enlarged: 52.
num_purges: 0.
num_inconsistent_stats: 0.

CodeHeap 'non-profiled nmethods': size=120000Kb used=320Kb max_used=320Kb free=119679Kb
 bounds [0x000001a62c970000, 0x000001a62cbe0000, 0x000001a633ea0000]
CodeHeap 'profiled nmethods': size=120000Kb used=1669Kb max_used=1669Kb free=118330Kb
 bounds [0x000001a625440000, 0x000001a6256b0000, 0x000001a62c970000]
CodeHeap 'non-nmethods': size=5760Kb used=1332Kb max_used=1340Kb free=4427Kb
 bounds [0x000001a624ea0000, 0x000001a625110000, 0x000001a625440000]
 total_blobs=1629 nmethods=1042 adapters=500
 compilation: enabled
              stopped_count=0, restarted_count=0
 full_count=0

Compilation events (20 events):
Event: 3.014 Thread 0x000001a63fc84db0 1032       3       java.util.IdentityHashMap::get (60 bytes)
Event: 3.015 Thread 0x000001a63fc84db0 nmethod 1032 0x000001a6255de510 code [0x000001a6255de6e0, 0x000001a6255deb88]
Event: 3.023 Thread 0x000001a63fc83ca0 1033       4       java.awt.Component::getTreeLock (4 bytes)
Event: 3.023 Thread 0x000001a63fc83ca0 nmethod 1033 0x000001a62c9bf890 code [0x000001a62c9bfa00, 0x000001a62c9bfa78]
Event: 9.798 Thread 0x000001a63fc84db0 1035       3       java.util.ArrayList::toArray (57 bytes)
Event: 9.798 Thread 0x000001a63fc84db0 nmethod 1035 0x000001a6255ded90 code [0x000001a6255def60, 0x000001a6255df4f8]
Event: 25.001 Thread 0x000001a63fc84db0 1037       3       org.eclipse.jdt.launching.internal.org.objectweb.asm.ClassReader::readUtf (44 bytes)
Event: 25.005 Thread 0x000001a63fc84db0 nmethod 1037 0x000001a6255df610 code [0x000001a6255df7e0, 0x000001a6255dfbf8]
Event: 25.005 Thread 0x000001a63fc84db0 1038       3       org.eclipse.jdt.launching.internal.org.objectweb.asm.ClassReader::getItem (7 bytes)
Event: 25.006 Thread 0x000001a63fc84db0 nmethod 1038 0x000001a6255dfd90 code [0x000001a6255dff20, 0x000001a6255e0058]
Event: 26.439 Thread 0x000001a63fc84db0 1039       3       sun.java2d.d3d.D3DSurfaceData$D3DWindowSurfaceData::isDirty (18 bytes)
Event: 26.439 Thread 0x000001a63fc84db0 nmethod 1039 0x000001a6255e0110 code [0x000001a6255e02c0, 0x000001a6255e0508]
Event: 26.439 Thread 0x000001a63fc84db0 1040       3       sun.java2d.StateTrackableDelegate$1::isCurrent (17 bytes)
Event: 26.439 Thread 0x000001a63fc84db0 nmethod 1040 0x000001a6255e0610 code [0x000001a6255e07a0, 0x000001a6255e0918]
Event: 62.104 Thread 0x000001a63fc84db0 1041       3       org.eclipse.jdt.launching.internal.org.objectweb.asm.ClassReader::readUTF8 (23 bytes)
Event: 62.104 Thread 0x000001a63fc84db0 nmethod 1041 0x000001a6255e0a10 code [0x000001a6255e0bc0, 0x000001a6255e0e18]
Event: 62.104 Thread 0x000001a63fc84db0 1042       3       org.eclipse.jdt.launching.internal.org.objectweb.asm.Symbol::<init> (38 bytes)
Event: 62.109 Thread 0x000001a63fc84db0 

Event: 62.109 Thread 0x000001a63fc84db0 1043       3       org.eclipse.jdt.launching.internal.org.objectweb.asm.SymbolTable::add (39 bytes)
Event: 62.109 Thread 0x000001a63fc84db0 nmethod 1043 0x000001a6255e0f10 code [0x000001a6255e10c0, 0x000001a6255e1438]

GC Heap History (0 events):
No events

Dll operation events (11 events):
Event: 0.009 Loaded shared library C:\Users\deivi\.p2\pool\plugins\org.eclipse.justj.openjdk.hotspot.jre.full.win32.x86_64_17.0.5.v20221102-0933\jre\bin\java.dll
Event: 0.733 Loaded shared library C:\Users\deivi\.p2\pool\plugins\org.eclipse.justj.openjdk.hotspot.jre.full.win32.x86_64_17.0.5.v20221102-0933\jre\bin\zip.dll
Event: 0.736 Loaded shared library C:\Users\deivi\.p2\pool\plugins\org.eclipse.justj.openjdk.hotspot.jre.full.win32.x86_64_17.0.5.v20221102-0933\jre\bin\instrument.dll
Event: 0.753 Loaded shared library C:\Users\deivi\.p2\pool\plugins\org.eclipse.justj.openjdk.hotspot.jre.full.win32.x86_64_17.0.5.v20221102-0933\jre\bin\net.dll
Event: 0.754 Loaded shared library C:\Users\deivi\.p2\pool\plugins\org.eclipse.justj.openjdk.hotspot.jre.full.win32.x86_64_17.0.5.v20221102-0933\jre\bin\nio.dll
Event: 0.761 Loaded shared library C:\Users\deivi\.p2\pool\plugins\org.eclipse.justj.openjdk.hotspot.jre.full.win32.x86_64_17.0.5.v20221102-0933\jre\bin\zip.dll
Event: 0.834 Loaded shared library C:\Users\deivi\.p2\pool\plugins\org.eclipse.justj.openjdk.hotspot.jre.full.win32.x86_64_17.0.5.v20221102-0933\jre\bin\jimage.dll
Event: 0.913 Loaded shared library C:\Users\deivi\.p2\pool\plugins\org.eclipse.justj.openjdk.hotspot.jre.full.win32.x86_64_17.0.5.v20221102-0933\jre\bin\verify.dll
Event: 0.964 Loaded shared library C:\Users\deivi\.p2\pool\plugins\org.eclipse.justj.openjdk.hotspot.jre.full.win32.x86_64_17.0.5.v20221102-0933\jre\bin\awt.dll
Event: 1.222 Loaded shared library C:\Users\deivi\.p2\pool\plugins\org.eclipse.justj.openjdk.hotspot.jre.full.win32.x86_64_17.0.5.v20221102-0933\jre\bin\freetype.dll
Event: 1.223 Loaded shared library C:\Users\deivi\.p2\pool\plugins\org.eclipse.justj.openjdk.hotspot.jre.full.win32.x86_64_17.0.5.v20221102-0933\jre\bin\fontmanager.dll

Deoptimization events (20 events):
Event: 1.183 Thread 0x000001a6217db400 Uncommon trap: trap_request=0xffffffc6 fr.pc=0x000001a62c9a64f4 relative=0x0000000000001734
Event: 1.183 Thread 0x000001a6217db400 Uncommon trap: reason=bimorphic_or_optimized_type_check action=maybe_recompile pc=0x000001a62c9a64f4 method=java.util.HashMap.putVal(ILjava/lang/Object;Ljava/lang/Object;ZZ)Ljava/lang/Object; @ 56 c2
Event: 1.183 Thread 0x000001a6217db400 DEOPT PACKING pc=0x000001a62c9a64f4 sp=0x0000002fc43fe950
Event: 1.183 Thread 0x000001a6217db400 DEOPT UNPACKING pc=0x000001a624ef23a3 sp=0x0000002fc43fe890 mode 2
Event: 1.183 Thread 0x000001a6217db400 Uncommon trap: trap_request=0xffffffc6 fr.pc=0x000001a62c9a64f4 relative=0x0000000000001734
Event: 1.183 Thread 0x000001a6217db400 Uncommon trap: reason=bimorphic_or_optimized_type_check action=maybe_recompile pc=0x000001a62c9a64f4 method=java.util.HashMap.putVal(ILjava/lang/Object;Ljava/lang/Object;ZZ)Ljava/lang/Object; @ 56 c2
Event: 1.183 Thread 0x000001a6217db400 DEOPT PACKING pc=0x000001a62c9a64f4 sp=0x0000002fc43fe950
Event: 1.183 Thread 0x000001a6217db400 DEOPT UNPACKING pc=0x000001a624ef23a3 sp=0x0000002fc43fe890 mode 2
Event: 1.192 Thread 0x000001a6217db400 Uncommon trap: trap_request=0xffffff45 fr.pc=0x000001a62c9a94ec relative=0x00000000000003ac
Event: 1.192 Thread 0x000001a6217db400 Uncommon trap: reason=unstable_if action=reinterpret pc=0x000001a62c9a94ec method=java.util.HashMap.hash(Ljava/lang/Object;)I @ 1 c2
Event: 1.192 Thread 0x000001a6217db400 DEOPT PACKING pc=0x000001a62c9a94ec sp=0x0000002fc43feb60
Event: 1.192 Thread 0x000001a6217db400 DEOPT UNPACKING pc=0x000001a624ef23a3 sp=0x0000002fc43fea88 mode 2
Event: 1.250 Thread 0x000001a6217db400 Uncommon trap: trap_request=0xffffff45 fr.pc=0x000001a62c9912f4 relative=0x00000000000002b4
Event: 1.250 Thread 0x000001a6217db400 Uncommon trap: reason=unstable_if action=reinterpret pc=0x000001a62c9912f4 method=java.lang.invoke.VarHandle.checkExactAccessMode(Ljava/lang/invoke/VarHandle$AccessDescriptor;)V @ 4 c2
Event: 1.250 Thread 0x000001a6217db400 DEOPT PACKING pc=0x000001a62c9912f4 sp=0x0000002fc43fee00
Event: 1.250 Thread 0x000001a6217db400 DEOPT UNPACKING pc=0x000001a624ef23a3 sp=0x0000002fc43fed70 mode 2
Event: 1.281 Thread 0x000001a6217db400 Uncommon trap: trap_request=0xffffff45 fr.pc=0x000001a62c9b17d4 relative=0x0000000000000fb4
Event: 1.281 Thread 0x000001a6217db400 Uncommon trap: reason=unstable_if action=reinterpret pc=0x000001a62c9b17d4 method=java.util.HashMap.hash(Ljava/lang/Object;)I @ 1 c2
Event: 1.281 Thread 0x000001a6217db400 DEOPT PACKING pc=0x000001a62c9b17d4 sp=0x0000002fc43feaf0
Event: 1.281 Thread 0x000001a6217db400 DEOPT UNPACKING pc=0x000001a624ef23a3 sp=0x0000002fc43feab0 mode 2

Classes unloaded (0 events):
No events

Classes redefined (2 events):
Event: 25.003 Thread 0x000001a63f0de210 redefined class name=View.PainelInicial, count=1
Event: 62.106 Thread 0x000001a63f0de210 redefined class name=View.PainelInicial, count=2

Internal exceptions (14 events):
Event: 0.959 Thread 0x000001a6217db400 Exception <a 'java/lang/ClassNotFoundException'{0x000000072eb29e88}: sun/awt/resources/spi/awtProvider> (0x000000072eb29e88) 
thrown [s\src\hotspot\share\classfile\systemDictionary.cpp, line 256]
Event: 0.974 Thread 0x000001a6217db400 Exception <a 'java/io/FileNotFoundException'{0x000000072eb83158}> (0x000000072eb83158) 
thrown [s\src\hotspot\share\prims\jni.cpp, line 516]
Event: 0.981 Thread 0x000001a6217db400 Exception <a 'java/io/FileNotFoundException'{0x000000072ebb2230}> (0x000000072ebb2230) 
thrown [s\src\hotspot\share\prims\jni.cpp, line 516]
Event: 1.024 Thread 0x000001a6217db400 Exception <a 'java/lang/NoSuchMethodError'{0x000000072e8dbae0}: 'java.lang.Object java.lang.invoke.DirectMethodHandle$Holder.invokeStaticInit(java.lang.Object)'> (0x000000072e8dbae0) 
thrown [s\src\hotspot\share\interpreter\linkResolver.cpp, line 759]
Event: 1.148 Thread 0x000001a6217db400 Exception <a 'java/lang/NoSuchMethodError'{0x000000072e9fe3d0}: 'void java.lang.invoke.DirectMethodHandle$Holder.invokeSpecial(java.lang.Object, java.lang.Object, java.lang.Object)'> (0x000000072e9fe3d0) 
thrown [s\src\hotspot\share\interpreter\linkResolver.cpp, line 759]
Event: 1.156 Thread 0x000001a6217db400 Exception <a 'java/lang/NoSuchMethodError'{0x000000072e659820}: 'java.lang.Object java.lang.invoke.DirectMethodHandle$Holder.newInvokeSpecial(java.lang.Object, java.lang.Object, java.lang.Object, java.lang.Object, java.lang.Object)'> (0x000000072e659820) 
thrown [s\src\hotspot\share\interpreter\linkResolver.cpp, line 759]
Event: 1.158 Thread 0x000001a6217db400 Exception <a 'java/lang/NoSuchMethodError'{0x000000072e6651e8}: 'java.lang.Object java.lang.invoke.DirectMethodHandle$Holder.invokeStatic(java.lang.Object, int, java.lang.Object, java.lang.Object, java.lang.Object, java.lang.Object)'> (0x000000072e6651e8) 
thrown [s\src\hotspot\share\interpreter\linkResolver.cpp, line 759]
Event: 1.161 Thread 0x000001a6217db400 Exception <a 'java/lang/NoSuchMethodError'{0x000000072e68b228}: 'java.lang.Object java.lang.invoke.DirectMethodHandle$Holder.invokeStatic(java.lang.Object, int, java.lang.Object)'> (0x000000072e68b228) 
thrown [s\src\hotspot\share\interpreter\linkResolver.cpp, line 759]
Event: 1.182 Thread 0x000001a6217db400 Exception <a 'java/lang/ClassNotFoundException'{0x000000072e751a40}: com/sun/swing/internal/plaf/metal/resources/spi/metalProvider> (0x000000072e751a40) 
thrown [s\src\hotspot\share\classfile\systemDictionary.cpp, line 256]
Event: 1.183 Thread 0x000001a6217db400 Exception <a 'java/lang/ClassNotFoundException'{0x000000072e7599d8}: com/sun/swing/internal/plaf/basic/resources/spi/basicProvider> (0x000000072e7599d8) 
thrown [s\src\hotspot\share\classfile\systemDictionary.cpp, line 256]
Event: 1.192 Thread 0x000001a6217db400 Implicit null exception at 0x000001a62c9a9193 to 0x000001a62c9a94c4
Event: 1.217 Thread 0x000001a6217db400 Exception <a 'java/lang/NoSuchMethodError'{0x000000072e45cac0}: 'void java.lang.invoke.DirectMethodHandle$Holder.invokeStaticInit(java.lang.Object)'> (0x000000072e45cac0) 
thrown [s\src\hotspot\share\interpreter\linkResolver.cpp, line 759]
Event: 1.272 Thread 0x000001a6407aafd0 Exception <a 'java/lang/NoSuchMethodError'{0x000000072e971a10}: 'void java.lang.invoke.DirectMethodHandle$Holder.invokeVirtual(java.lang.Object, java.lang.Object)'> (0x000000072e971a10) 
thrown [s\src\hotspot\share\interpreter\linkResolver.cpp, line 759]
Event: 1.281 Thread 0x000001a6217db400 Implicit null exception at 0x000001a62c9b0861 to 0x000001a62c9b17b8

VM Operations (20 events):
Event: 0.207 Executing VM operation: HandshakeAllThreads
Event: 0.207 Executing VM operation: HandshakeAllThreads done
Event: 0.233 Executing VM operation: ChangeBreakpoints
Event: 0.233 Executing VM operation: ChangeBreakpoints done
Event: 0.295 Executing VM operation: ChangeBreakpoints
Event: 0.295 Executing VM operation: ChangeBreakpoints done
Event: 1.207 Executing VM operation: HandshakeAllThreads
Event: 1.207 Executing VM operation: HandshakeAllThreads done
Event: 1.239 Executing VM operation: HandshakeAllThreads
Event: 1.239 Executing VM operation: HandshakeAllThreads done
Event: 1.276 Executing VM operation: HandshakeAllThreads
Event: 1.276 Executing VM operation: HandshakeAllThreads done
Event: 2.276 Executing VM operation: Cleanup
Event: 2.276 Executing VM operation: Cleanup done
Event: 3.276 Executing VM operation: Cleanup
Event: 3.276 Executing VM operation: Cleanup done
Event: 25.002 Executing VM operation: RedefineClasses
Event: 25.005 Executing VM operation: RedefineClasses done
Event: 62.104 Executing VM operation: RedefineClasses
Event: 62.109 Executing VM operation: RedefineClasses done

Events (20 events):
Event: 3.295 loading class java/awt/KeyboardFocusManager$2 done
Event: 3.295 loading class sun/awt/SunToolkit$1
Event: 3.295 loading class sun/awt/SunToolkit$1 done
Event: 76.489 loading class java/util/Collections$SynchronizedSet
Event: 76.489 loading class java/util/Collections$SynchronizedSet done
Event: 76.490 loading class java/util/WeakHashMap$KeyIterator
Event: 76.490 loading class java/util/WeakHashMap$HashIterator
Event: 76.490 loading class java/util/WeakHashMap$HashIterator done
Event: 76.490 loading class java/util/WeakHashMap$KeyIterator done
Event: 76.616 loading class javax/swing/RepaintManager$DisplayChangedRunnable
Event: 76.617 loading class javax/swing/RepaintManager$DisplayChangedRunnable done
Event: 76.617 loading class java/awt/image/Raster
Event: 76.617 loading class java/awt/image/Raster done
Event: 76.618 loading class java/awt/image/DataBufferInt
Event: 76.618 loading class java/awt/image/DataBuffer
Event: 76.618 loading class java/awt/image/DataBuffer done
Event: 76.618 loading class java/awt/image/DataBufferInt done
Event: 76.618 loading class java/awt/image/DataBuffer$1
Event: 76.618 loading class sun/awt/image/SunWritableRaster$DataStealer
Event: 76.618 loading class sun/awt/image/SunWritableRaster$DataStealer done


Dynamic libraries:
0x00007ff635690000 - 0x00007ff63569e000 	C:\Users\deivi\.p2\pool\plugins\org.eclipse.justj.openjdk.hotspot.jre.full.win32.x86_64_17.0.5.v20221102-0933\jre\bin\javaw.exe
0x00007ffc8fd30000 - 0x00007ffc8ff28000 	C:\Windows\SYSTEM32\ntdll.dll
0x00007ffc8f7e0000 - 0x00007ffc8f89f000 	C:\Windows\System32\KERNEL32.DLL
0x00007ffc8d8b0000 - 0x00007ffc8dba6000 	C:\Windows\System32\KERNELBASE.dll
0x00007ffc8d710000 - 0x00007ffc8d810000 	C:\Windows\System32\ucrtbase.dll
0x00007ffc7a400000 - 0x00007ffc7a417000 	C:\Users\deivi\.p2\pool\plugins\org.eclipse.justj.openjdk.hotspot.jre.full.win32.x86_64_17.0.5.v20221102-0933\jre\bin\jli.dll
0x00007ffc7a3e0000 - 0x00007ffc7a3f9000 	C:\Users\deivi\.p2\pool\plugins\org.eclipse.justj.openjdk.hotspot.jre.full.win32.x86_64_17.0.5.v20221102-0933\jre\bin\VCRUNTIME140.dll
0x00007ffc8f9f0000 - 0x00007ffc8fb8d000 	C:\Windows\System32\USER32.dll
0x00007ffc78470000 - 0x00007ffc7870a000 	C:\Windows\WinSxS\amd64_microsoft.windows.common-controls_6595b64144ccf1df_6.0.19041.1110_none_60b5254171f9507e\COMCTL32.dll
0x00007ffc8d410000 - 0x00007ffc8d432000 	C:\Windows\System32\win32u.dll
0x00007ffc8f950000 - 0x00007ffc8f9ee000 	C:\Windows\System32\msvcrt.dll
0x00007ffc8f8a0000 - 0x00007ffc8f8cc000 	C:\Windows\System32\GDI32.dll
0x00007ffc8d440000 - 0x00007ffc8d555000 	C:\Windows\System32\gdi32full.dll
0x00007ffc8d810000 - 0x00007ffc8d8ad000 	C:\Windows\System32\msvcp_win.dll
0x00007ffc8ec90000 - 0x00007ffc8ecc0000 	C:\Windows\System32\IMM32.DLL
0x00007ffc88f90000 - 0x00007ffc88f9c000 	C:\Users\deivi\.p2\pool\plugins\org.eclipse.justj.openjdk.hotspot.jre.full.win32.x86_64_17.0.5.v20221102-0933\jre\bin\vcruntime140_1.dll
0x00007ffc78af0000 - 0x00007ffc78b81000 	C:\Users\deivi\.p2\pool\plugins\org.eclipse.justj.openjdk.hotspot.jre.full.win32.x86_64_17.0.5.v20221102-0933\jre\bin\msvcp140.dll
0x00007ffbf9220000 - 0x00007ffbf9e64000 	C:\Users\deivi\.p2\pool\plugins\org.eclipse.justj.openjdk.hotspot.jre.full.win32.x86_64_17.0.5.v20221102-0933\jre\bin\server\jvm.dll
0x00007ffc8fc40000 - 0x00007ffc8fcef000 	C:\Windows\System32\ADVAPI32.dll
0x00007ffc8eb60000 - 0x00007ffc8ebfc000 	C:\Windows\System32\sechost.dll
0x00007ffc8de50000 - 0x00007ffc8df76000 	C:\Windows\System32\RPCRT4.dll
0x00007ffc85a30000 - 0x00007ffc85a57000 	C:\Windows\SYSTEM32\WINMM.dll
0x00007ffc78ab0000 - 0x00007ffc78ab9000 	C:\Windows\SYSTEM32\WSOCK32.dll
0x00007ffc876c0000 - 0x00007ffc876ca000 	C:\Windows\SYSTEM32\VERSION.dll
0x00007ffc8e880000 - 0x00007ffc8e8eb000 	C:\Windows\System32\WS2_32.dll
0x00007ffc8b2f0000 - 0x00007ffc8b302000 	C:\Windows\SYSTEM32\kernel.appcore.dll
0x00007ffc77ea0000 - 0x00007ffc77eaa000 	C:\Users\deivi\.p2\pool\plugins\org.eclipse.justj.openjdk.hotspot.jre.full.win32.x86_64_17.0.5.v20221102-0933\jre\bin\jimage.dll
0x00007ffc82b80000 - 0x00007ffc82d64000 	C:\Windows\SYSTEM32\DBGHELP.DLL
0x00007ffc7f010000 - 0x00007ffc7f044000 	C:\Windows\SYSTEM32\dbgcore.DLL
0x00007ffc8d5d0000 - 0x00007ffc8d652000 	C:\Windows\System32\bcryptPrimitives.dll
0x00007ffc7a350000 - 0x00007ffc7a38b000 	C:\Users\deivi\.p2\pool\plugins\org.eclipse.justj.openjdk.hotspot.jre.full.win32.x86_64_17.0.5.v20221102-0933\jre\bin\jdwp.dll
0x00007ffc88af0000 - 0x00007ffc88afe000 	C:\Users\deivi\.p2\pool\plugins\org.eclipse.justj.openjdk.hotspot.jre.full.win32.x86_64_17.0.5.v20221102-0933\jre\bin\instrument.dll
0x00007ffc71880000 - 0x00007ffc718a5000 	C:\Users\deivi\.p2\pool\plugins\org.eclipse.justj.openjdk.hotspot.jre.full.win32.x86_64_17.0.5.v20221102-0933\jre\bin\java.dll
0x00007ffc72540000 - 0x00007ffc72558000 	C:\Users\deivi\.p2\pool\plugins\org.eclipse.justj.openjdk.hotspot.jre.full.win32.x86_64_17.0.5.v20221102-0933\jre\bin\zip.dll
0x00007ffc8e000000 - 0x00007ffc8e744000 	C:\Windows\System32\SHELL32.dll
0x00007ffc8b4f0000 - 0x00007ffc8bc83000 	C:\Windows\SYSTEM32\windows.storage.dll
0x00007ffc8f2d0000 - 0x00007ffc8f624000 	C:\Windows\System32\combase.dll
0x00007ffc8cd90000 - 0x00007ffc8cdbe000 	C:\Windows\SYSTEM32\Wldp.dll
0x00007ffc8fb90000 - 0x00007ffc8fc3d000 	C:\Windows\System32\SHCORE.dll
0x00007ffc8e8f0000 - 0x00007ffc8e945000 	C:\Windows\System32\shlwapi.dll
0x00007ffc8d350000 - 0x00007ffc8d36f000 	C:\Windows\SYSTEM32\profapi.dll
0x00007ffc7a580000 - 0x00007ffc7a58c000 	C:\Users\deivi\.p2\pool\plugins\org.eclipse.justj.openjdk.hotspot.jre.full.win32.x86_64_17.0.5.v20221102-0933\jre\bin\dt_socket.dll
0x00007ffc8c7e0000 - 0x00007ffc8c81c000 	C:\Windows\SYSTEM32\IPHLPAPI.DLL
0x00007ffc8caf0000 - 0x00007ffc8cb5a000 	C:\Windows\system32\mswsock.dll
0x00007ffc8c820000 - 0x00007ffc8c8eb000 	C:\Windows\SYSTEM32\DNSAPI.dll
0x00007ffc8de40000 - 0x00007ffc8de48000 	C:\Windows\System32\NSI.dll
0x00007ffc7db30000 - 0x00007ffc7db3a000 	C:\Windows\System32\rasadhlp.dll
0x00007ffc80510000 - 0x00007ffc80592000 	C:\Windows\System32\fwpuclnt.dll
0x00007ffc8dd60000 - 0x00007ffc8dd87000 	C:\Windows\System32\bcrypt.dll
0x00007ffc78d00000 - 0x00007ffc78d19000 	C:\Users\deivi\.p2\pool\plugins\org.eclipse.justj.openjdk.hotspot.jre.full.win32.x86_64_17.0.5.v20221102-0933\jre\bin\net.dll
0x00007ffc87000000 - 0x00007ffc8710a000 	C:\Windows\SYSTEM32\WINHTTP.dll
0x00007ffc78ce0000 - 0x00007ffc78cf5000 	C:\Users\deivi\.p2\pool\plugins\org.eclipse.justj.openjdk.hotspot.jre.full.win32.x86_64_17.0.5.v20221102-0933\jre\bin\nio.dll
0x00007ffc78cd0000 - 0x00007ffc78ce0000 	C:\Users\deivi\.p2\pool\plugins\org.eclipse.justj.openjdk.hotspot.jre.full.win32.x86_64_17.0.5.v20221102-0933\jre\bin\verify.dll
0x00007ffc6b310000 - 0x00007ffc6b49e000 	C:\Users\deivi\.p2\pool\plugins\org.eclipse.justj.openjdk.hotspot.jre.full.win32.x86_64_17.0.5.v20221102-0933\jre\bin\awt.dll
0x00007ffc8e7b0000 - 0x00007ffc8e87d000 	C:\Windows\System32\OLEAUT32.dll
0x00007ffc8ac30000 - 0x00007ffc8acc1000 	C:\Windows\SYSTEM32\apphelp.dll
0x00007ffc8b000000 - 0x00007ffc8b02f000 	C:\Windows\system32\DWMAPI.DLL
0x00007ffc8ae00000 - 0x00007ffc8ae9e000 	C:\Windows\system32\uxtheme.dll
0x00007ffc31c20000 - 0x00007ffc31d45000 	C:\Windows\system32\opengl32.dll
0x00007ffc2ab60000 - 0x00007ffc2ab8c000 	C:\Windows\SYSTEM32\GLU32.dll
0x00007ffc8f150000 - 0x00007ffc8f264000 	C:\Windows\System32\MSCTF.dll
0x00007ffc8e950000 - 0x00007ffc8ea7a000 	C:\Windows\System32\ole32.dll
0x00007ffc4d4c0000 - 0x00007ffc4d68d000 	C:\Windows\system32\d3d9.dll
0x00007ffc85a60000 - 0x00007ffc85c1b000 	C:\Windows\System32\DriverStore\FileRepository\u0390451.inf_amd64_39377efdd62734d1\B390182\aticfx64.dll
0x00007ffc4b6f0000 - 0x00007ffc4d4bf000 	C:\Windows\System32\DriverStore\FileRepository\u0390451.inf_amd64_39377efdd62734d1\B390182\amdxn64.dll
0x00007ffc8ecd0000 - 0x00007ffc8f138000 	C:\Windows\System32\SETUPAPI.dll
0x00007ffc8dd10000 - 0x00007ffc8dd5e000 	C:\Windows\System32\cfgmgr32.dll
0x00007ffc8bcd0000 - 0x00007ffc8bdc3000 	C:\Windows\SYSTEM32\dxgi.dll
0x00007ffc809e0000 - 0x00007ffc80a15000 	C:\Windows\SYSTEM32\amdihk64.dll
0x00007ffc85cc0000 - 0x00007ffc85cfb000 	C:\Windows\SYSTEM32\dxcore.dll
0x00007ffc719b0000 - 0x00007ffc71a36000 	C:\Users\deivi\.p2\pool\plugins\org.eclipse.justj.openjdk.hotspot.jre.full.win32.x86_64_17.0.5.v20221102-0933\jre\bin\freetype.dll
0x00007ffc27ea0000 - 0x00007ffc27f65000 	C:\Users\deivi\.p2\pool\plugins\org.eclipse.justj.openjdk.hotspot.jre.full.win32.x86_64_17.0.5.v20221102-0933\jre\bin\fontmanager.dll
0x00007ffc78f50000 - 0x00007ffc7904a000 	C:\Windows\SYSTEM32\textinputframework.dll
0x00007ffc8a5c0000 - 0x00007ffc8a91e000 	C:\Windows\System32\CoreUIComponents.dll
0x00007ffc8a920000 - 0x00007ffc8aa12000 	C:\Windows\System32\CoreMessaging.dll
0x00007ffc8c530000 - 0x00007ffc8c563000 	C:\Windows\SYSTEM32\ntmarta.dll
0x00007ffc89260000 - 0x00007ffc893b4000 	C:\Windows\SYSTEM32\wintypes.dll

dbghelp: loaded successfully - version: 4.0.5 - missing functions: none
symbol engine: initialized successfully - sym options: 0x614 - pdb path: .;C:\Users\deivi\.p2\pool\plugins\org.eclipse.justj.openjdk.hotspot.jre.full.win32.x86_64_17.0.5.v20221102-0933\jre\bin;C:\Windows\SYSTEM32;C:\Windows\WinSxS\amd64_microsoft.windows.common-controls_6595b64144ccf1df_6.0.19041.1110_none_60b5254171f9507e;C:\Users\deivi\.p2\pool\plugins\org.eclipse.justj.openjdk.hotspot.jre.full.win32.x86_64_17.0.5.v20221102-0933\jre\bin\server;C:\Windows\System32\DriverStore\FileRepository\u0390451.inf_amd64_39377efdd62734d1\B390182

VM Arguments:
jvm_args: -XX:+ShowCodeDetailsInExceptionMessages -agentlib:jdwp=transport=dt_socket,suspend=y,address=localhost:51854 -javaagent:C:\Users\deivi\eclipse\jee-2022-12\eclipse\configuration\org.eclipse.osgi\420\0\.cp\lib\javaagent-shaded.jar -Dfile.encoding=UTF-8 
java_command: Controller.Main
java_class_path (initial): C:\Users\deivi\Documents\faculdade\LPII\Interface Grafica\SwingEFx\bin
Launcher Type: SUN_STANDARD

[Global flags]
     intx CICompilerCount                          = 4                                         {product} {ergonomic}
     uint ConcGCThreads                            = 2                                         {product} {ergonomic}
     uint G1ConcRefinementThreads                  = 8                                         {product} {ergonomic}
   size_t G1HeapRegionSize                         = 2097152                                   {product} {ergonomic}
    uintx GCDrainStackTargetSize                   = 64                                        {product} {ergonomic}
   size_t InitialHeapSize                          = 234881024                                 {product} {ergonomic}
   size_t MarkStackSize                            = 4194304                                   {product} {ergonomic}
   size_t MaxHeapSize                              = 3739222016                                {product} {ergonomic}
   size_t MaxNewSize                               = 2241855488                                {product} {ergonomic}
   size_t MinHeapDeltaBytes                        = 2097152                                   {product} {ergonomic}
   size_t MinHeapSize                              = 8388608                                   {product} {ergonomic}
    uintx NonNMethodCodeHeapSize                   = 5839372                                {pd product} {ergonomic}
    uintx NonProfiledCodeHeapSize                  = 122909434                              {pd product} {ergonomic}
    uintx ProfiledCodeHeapSize                     = 122909434                              {pd product} {ergonomic}
    uintx ReservedCodeCacheSize                    = 251658240                              {pd product} {ergonomic}
     bool SegmentedCodeCache                       = true                                      {product} {ergonomic}
     bool ShowCodeDetailsInExceptionMessages       = true                                   {manageable} {command line}
   size_t SoftMaxHeapSize                          = 3739222016                             {manageable} {ergonomic}
     bool UseCompressedClassPointers               = true                           {product lp64_product} {ergonomic}
     bool UseCompressedOops                        = true                           {product lp64_product} {ergonomic}
     bool UseG1GC                                  = true                                      {product} {ergonomic}
     bool UseLargePagesIndividualAllocation        = false                                  {pd product} {ergonomic}

Logging:
Log output configuration:
 #0: stdout all=warning uptime,level,tags
 #1: stderr all=off uptime,level,tags

Environment Variables:
JAVA_HOME=C:\Program Files\Java\zulu17.38.21-ca-jdk17.0.5-win_x64
PATH=C:\Users\deivi\.p2\pool\plugins\org.eclipse.justj.openjdk.hotspot.jre.full.win32.x86_64_17.0.5.v20221102-0933\jre\bin;C:/Users/deivi/.p2/pool/plugins/org.eclipse.justj.openjdk.hotspot.jre.full.win32.x86_64_17.0.5.v20221102-0933/jre/bin/server;C:/Users/deivi/.p2/pool/plugins/org.eclipse.justj.openjdk.hotspot.jre.full.win32.x86_64_17.0.5.v20221102-0933/jre/bin;C:\Program Files\Java\zulu17.38.21-ca-jdk17.0.5-win_x64\bin;C:\Windows\system32;C:\Windows;C:\Windows\System32\Wbem;C:\Windows\System32\WindowsPowerShell\v1.0\;C:\Windows\System32\OpenSSH\;C:\Program Files\Microsoft VS Code\bin;C:\Program Files\dotnet\;C:\Program Files\Git\cmd;C:\Users\deivi\AppData\Local\Microsoft\WindowsApps;C:\flutter\bin;;C:\Windows\system32;
USERNAME=deivi
OS=Windows_NT
PROCESSOR_IDENTIFIER=AMD64 Family 23 Model 17 Stepping 0, AuthenticAMD
TMP=C:\Users\deivi\AppData\Local\Temp
TEMP=C:\Users\deivi\AppData\Local\Temp



---------------  S Y S T E M  ---------------

OS:
 Windows 10 , 64 bit Build 19041 (10.0.19041.2913)
OS uptime: 0 days 4:09 hours

CPU: total 8 (initial active 8) (8 cores per cpu, 2 threads per core) family 23 model 17 stepping 0 microcode 0x0, cx8, cmov, fxsr, ht, mmx, 3dnowpref, sse, sse2, sse3, ssse3, sse4a, sse4.1, sse4.2, popcnt, lzcnt, tsc, tscinvbit, avx, avx2, aes, clmul, bmi1, bmi2, adx, sha, fma, vzeroupper, clflush, clflushopt

Memory: 4k page, system-wide physical 14261M (3562M free)
TotalPageFile size 44703M (AvailPageFile size 1M)
current process WorkingSet (physical memory assigned to process): 121M, peak: 123M
current process commit charge ("private bytes"): 403M, peak: 413M

vm_info: OpenJDK 64-Bit Server VM (17.0.5+8) for windows-amd64 JRE (17.0.5+8), built on Oct 19 2022 04:48:13 by "temurin" with MS VC++ 16.7 (VS2019)

END.
